<?xml version="1.0" encoding="UTF-8"?>
<!-- Generated by org.testng.reporters.JUnitXMLReporter -->
<testsuite hostname="sharp" ignored="0" name="Test" tests="11" failures="0" timestamp="2021-07-02T15:06:30 IST" time="8.467" errors="0">
  <testcase name="feature" time="1.533" classname="com.dms.runner.TestRunner"/>
  <testcase name="feature" time="0.112" classname="com.dms.runner.TestRunner"/>
  <testcase name="feature" time="0.286" classname="com.dms.runner.TestRunner"/>
  <testcase name="feature" time="0.12" classname="com.dms.runner.TestRunner"/>
  <testcase name="feature" time="0.08" classname="com.dms.runner.TestRunner"/>
  <testcase name="feature" time="0.312" classname="com.dms.runner.TestRunner"/>
  <testcase name="feature" time="0.224" classname="com.dms.runner.TestRunner"/>
  <testcase name="feature" time="0.091" classname="com.dms.runner.TestRunner"/>
  <testcase name="feature" time="0.112" classname="com.dms.runner.TestRunner"/>
  <testcase name="feature" time="0.28" classname="com.dms.runner.TestRunner"/>
  <testcase name="feature" time="0.128" classname="com.dms.runner.TestRunner"/>
</testsuite> <!-- Test -->
