<?xml version="1.0" encoding="UTF-8"?>
<!-- Generated by org.testng.reporters.JUnitXMLReporter -->
<testsuite hostname="sharp" ignored="0" name="Test" tests="11" failures="0" timestamp="2021-07-04T09:29:52 IST" time="8.328" errors="0">
  <testcase name="feature" time="1.329" classname="com.dms.runner.TestRunner"/>
  <testcase name="feature" time="0.024" classname="com.dms.runner.TestRunner"/>
  <testcase name="feature" time="0.336" classname="com.dms.runner.TestRunner"/>
  <testcase name="feature" time="0.104" classname="com.dms.runner.TestRunner"/>
  <testcase name="feature" time="0.176" classname="com.dms.runner.TestRunner"/>
  <testcase name="feature" time="0.2" classname="com.dms.runner.TestRunner"/>
  <testcase name="feature" time="0.288" classname="com.dms.runner.TestRunner"/>
  <testcase name="feature" time="0.072" classname="com.dms.runner.TestRunner"/>
  <testcase name="feature" time="0.024" classname="com.dms.runner.TestRunner"/>
  <testcase name="feature" time="0.184" classname="com.dms.runner.TestRunner"/>
  <testcase name="feature" time="0.08" classname="com.dms.runner.TestRunner"/>
</testsuite> <!-- Test -->
