<?xml version="1.0" encoding="UTF-8"?>
<testng-results skipped="0" failed="0" ignored="0" total="11" passed="11">
  <reporter-output>
  </reporter-output>
  <suite name="Suite" duration-ms="8328" started-at="2021-07-04T09:29:44 IST" finished-at="2021-07-04T09:29:52 IST">
    <groups>
      <group name="cucumber scenarios">
        <method signature="TestRunner.feature(cucumber.api.testng.CucumberFeatureWrapper)[pri:0, instance:com.dms.runner.TestRunner@45f45fa1]" name="feature" class="com.dms.runner.TestRunner"/>
      </group> <!-- cucumber scenarios -->
    </groups>
    <test name="Test" duration-ms="8328" started-at="2021-07-04T09:29:44 IST" finished-at="2021-07-04T09:29:52 IST">
      <class name="com.dms.runner.TestRunner">
        <test-method status="PASS" signature="setUpClass()[pri:0, instance:com.dms.runner.TestRunner@45f45fa1]" name="setUpClass" is-config="true" duration-ms="2001" started-at="2021-07-04T09:29:44 IST" finished-at="2021-07-04T09:29:46 IST">
          <reporter-output>
          </reporter-output>
        </test-method> <!-- setUpClass -->
        <test-method status="PASS" signature="feature(cucumber.api.testng.CucumberFeatureWrapper)[pri:0, instance:com.dms.runner.TestRunner@45f45fa1]" name="feature" duration-ms="1329" started-at="2021-07-04T09:29:47 IST" description="Runs Cucumber Scenarios" data-provider="features" finished-at="2021-07-04T09:29:48 IST">
          <params>
            <param index="0">
              <value>
                <![CDATA[Testing Add Documents Feature]]>
              </value>
            </param>
          </params>
          <reporter-output>
          </reporter-output>
        </test-method> <!-- feature -->
        <test-method status="PASS" signature="feature(cucumber.api.testng.CucumberFeatureWrapper)[pri:0, instance:com.dms.runner.TestRunner@45f45fa1]" name="feature" duration-ms="24" started-at="2021-07-04T09:29:48 IST" description="Runs Cucumber Scenarios" data-provider="features" finished-at="2021-07-04T09:29:48 IST">
          <params>
            <param index="0">
              <value>
                <![CDATA[Dashboard Feature]]>
              </value>
            </param>
          </params>
          <reporter-output>
          </reporter-output>
        </test-method> <!-- feature -->
        <test-method status="PASS" signature="feature(cucumber.api.testng.CucumberFeatureWrapper)[pri:0, instance:com.dms.runner.TestRunner@45f45fa1]" name="feature" duration-ms="336" started-at="2021-07-04T09:29:48 IST" description="Runs Cucumber Scenarios" data-provider="features" finished-at="2021-07-04T09:29:48 IST">
          <params>
            <param index="0">
              <value>
                <![CDATA[Testing Folders Feature]]>
              </value>
            </param>
          </params>
          <reporter-output>
          </reporter-output>
        </test-method> <!-- feature -->
        <test-method status="PASS" signature="feature(cucumber.api.testng.CucumberFeatureWrapper)[pri:0, instance:com.dms.runner.TestRunner@45f45fa1]" name="feature" duration-ms="104" started-at="2021-07-04T09:29:48 IST" description="Runs Cucumber Scenarios" data-provider="features" finished-at="2021-07-04T09:29:49 IST">
          <params>
            <param index="0">
              <value>
                <![CDATA[Index Group Feature]]>
              </value>
            </param>
          </params>
          <reporter-output>
          </reporter-output>
        </test-method> <!-- feature -->
        <test-method status="PASS" signature="feature(cucumber.api.testng.CucumberFeatureWrapper)[pri:0, instance:com.dms.runner.TestRunner@45f45fa1]" name="feature" duration-ms="176" started-at="2021-07-04T09:29:49 IST" description="Runs Cucumber Scenarios" data-provider="features" finished-at="2021-07-04T09:29:49 IST">
          <params>
            <param index="0">
              <value>
                <![CDATA[Login Feature]]>
              </value>
            </param>
          </params>
          <reporter-output>
          </reporter-output>
        </test-method> <!-- feature -->
        <test-method status="PASS" signature="feature(cucumber.api.testng.CucumberFeatureWrapper)[pri:0, instance:com.dms.runner.TestRunner@45f45fa1]" name="feature" duration-ms="200" started-at="2021-07-04T09:29:49 IST" description="Runs Cucumber Scenarios" data-provider="features" finished-at="2021-07-04T09:29:49 IST">
          <params>
            <param index="0">
              <value>
                <![CDATA[MyQueue Feature]]>
              </value>
            </param>
          </params>
          <reporter-output>
          </reporter-output>
        </test-method> <!-- feature -->
        <test-method status="PASS" signature="feature(cucumber.api.testng.CucumberFeatureWrapper)[pri:0, instance:com.dms.runner.TestRunner@45f45fa1]" name="feature" duration-ms="288" started-at="2021-07-04T09:29:49 IST" description="Runs Cucumber Scenarios" data-provider="features" finished-at="2021-07-04T09:29:49 IST">
          <params>
            <param index="0">
              <value>
                <![CDATA[Testing Reports Feature]]>
              </value>
            </param>
          </params>
          <reporter-output>
          </reporter-output>
        </test-method> <!-- feature -->
        <test-method status="PASS" signature="feature(cucumber.api.testng.CucumberFeatureWrapper)[pri:0, instance:com.dms.runner.TestRunner@45f45fa1]" name="feature" duration-ms="72" started-at="2021-07-04T09:29:49 IST" description="Runs Cucumber Scenarios" data-provider="features" finished-at="2021-07-04T09:29:49 IST">
          <params>
            <param index="0">
              <value>
                <![CDATA[Settings Feature]]>
              </value>
            </param>
          </params>
          <reporter-output>
          </reporter-output>
        </test-method> <!-- feature -->
        <test-method status="PASS" signature="feature(cucumber.api.testng.CucumberFeatureWrapper)[pri:0, instance:com.dms.runner.TestRunner@45f45fa1]" name="feature" duration-ms="24" started-at="2021-07-04T09:29:49 IST" description="Runs Cucumber Scenarios" data-provider="features" finished-at="2021-07-04T09:29:49 IST">
          <params>
            <param index="0">
              <value>
                <![CDATA[Teams Feature]]>
              </value>
            </param>
          </params>
          <reporter-output>
          </reporter-output>
        </test-method> <!-- feature -->
        <test-method status="PASS" signature="feature(cucumber.api.testng.CucumberFeatureWrapper)[pri:0, instance:com.dms.runner.TestRunner@45f45fa1]" name="feature" duration-ms="184" started-at="2021-07-04T09:29:49 IST" description="Runs Cucumber Scenarios" data-provider="features" finished-at="2021-07-04T09:29:50 IST">
          <params>
            <param index="0">
              <value>
                <![CDATA[Users Feature]]>
              </value>
            </param>
          </params>
          <reporter-output>
          </reporter-output>
        </test-method> <!-- feature -->
        <test-method status="PASS" signature="feature(cucumber.api.testng.CucumberFeatureWrapper)[pri:0, instance:com.dms.runner.TestRunner@45f45fa1]" name="feature" duration-ms="80" started-at="2021-07-04T09:29:50 IST" description="Runs Cucumber Scenarios" data-provider="features" finished-at="2021-07-04T09:29:50 IST">
          <params>
            <param index="0">
              <value>
                <![CDATA[Testng Workflow Feature]]>
              </value>
            </param>
          </params>
          <reporter-output>
          </reporter-output>
        </test-method> <!-- feature -->
        <test-method status="PASS" signature="tearDownClass()[pri:0, instance:com.dms.runner.TestRunner@45f45fa1]" name="tearDownClass" is-config="true" duration-ms="2588" started-at="2021-07-04T09:29:50 IST" finished-at="2021-07-04T09:29:52 IST">
          <reporter-output>
          </reporter-output>
        </test-method> <!-- tearDownClass -->
      </class> <!-- com.dms.runner.TestRunner -->
    </test> <!-- Test -->
  </suite> <!-- Suite -->
</testng-results>
